<?xml version="1.0" encoding="UTF-8"?>
<Site BuildName="(empty)"
	BuildStamp="20260122-0819-Experimental"
	Name="(empty)"
	Generator="ctest-3.28.3"
	CompilerName=""
	CompilerVersion=""
	OSName="Linux"
	Hostname="abolinaga-PC"
	OSRelease="6.14.0-37-generic"
	OSVersion="#37~24.04.1-Ubuntu SMP PREEMPT_DYNAMIC Thu Nov 20 10:25:38 UTC 2"
	OSPlatform="x86_64"
	Is64Bits="1"
	VendorString="GenuineIntel"
	VendorID="Intel Corporation"
	FamilyID="6"
	ModelID="140"
	ProcessorCacheSize="12288"
	NumberOfLogicalCPU="8"
	NumberOfPhysicalCPU="4"
	TotalVirtualMemory="8191"
	TotalPhysicalMemory="63988"
	LogicalProcessorsPerPhysical="2"
	ProcessorClockFrequency="3978.22"
	>
	<Testing>
		<StartDateTime>Jan 22 09:41 CET</StartDateTime>
		<StartTestTime>1769071316</StartTestTime>
		<TestList/>
		<EndDateTime>Jan 22 09:41 CET</EndDateTime>
		<EndTestTime>1769071316</EndTestTime>
		<ElapsedMinutes>0</ElapsedMinutes>
	</Testing>
</Site>
