<?xml version="1.0" encoding="UTF-8"?>
<Site BuildName="(empty)"
	BuildStamp="20251205-0815-Experimental"
	Name="(empty)"
	Generator="ctest-3.28.3"
	CompilerName=""
	CompilerVersion=""
	OSName="Linux"
	Hostname="abolinaga-PC"
	OSRelease="6.14.0-36-generic"
	OSVersion="#36~24.04.1-Ubuntu SMP PREEMPT_DYNAMIC Wed Oct 15 15:45:17 UTC 2"
	OSPlatform="x86_64"
	Is64Bits="1"
	VendorString="GenuineIntel"
	VendorID="Intel Corporation"
	FamilyID="6"
	ModelID="140"
	ProcessorCacheSize="12288"
	NumberOfLogicalCPU="8"
	NumberOfPhysicalCPU="4"
	TotalVirtualMemory="8191"
	TotalPhysicalMemory="63988"
	LogicalProcessorsPerPhysical="2"
	ProcessorClockFrequency="432.612"
	>
	<Testing>
		<StartDateTime>Dec 05 09:15 CET</StartDateTime>
		<StartTestTime>1764922554</StartTestTime>
		<TestList/>
		<EndDateTime>Dec 05 09:15 CET</EndDateTime>
		<EndTestTime>1764922554</EndTestTime>
		<ElapsedMinutes>0</ElapsedMinutes>
	</Testing>
</Site>
